2023-10-20 23:21:15,497 [INFO] Activator:176 - 


2023-10-20 23:21:15,499 [INFO] Activator:177 - !SESSION log4j initialized
2023-10-20 23:21:17,557 [INFO] LogOutputStream:77 - [STDOUT_REDIRECT] 
2023-10-20 23:21:18,283 [INFO] ApplicationProperties:184 - Using Application install path: /opt/st/stm32cubeide_1.13.2/plugins/com.st.stm32cube.common.mx_6.9.2.202309101412
2023-10-20 23:21:18,300 [INFO] DbMcusXml:78 - Set database path to: /opt/st/stm32cubeide_1.13.2/plugins/com.st.stm32cube.common.mx_6.9.2.202309101412//db//mcu/
2023-10-20 23:21:18,301 [INFO] ApiDb:274 - Set plugin database path to: /opt/st/stm32cubeide_1.13.2/plugins/com.st.stm32cube.common.mx_6.9.2.202309101412//db//plugins/boardmanager/
2023-10-20 23:21:18,301 [WARN] ApiDb:259 - Overriding images path with different value:  => /opt/st/stm32cubeide_1.13.2/plugins/com.st.stm32cube.common.mx_6.9.2.202309101412//db//plugins/mcufinder/images/
2023-10-20 23:21:18,310 [INFO] ApiDb:250 - Set database path to: /home/mg/.stmcufinder/plugins/mcufinder//mcu/
2023-10-20 23:21:18,312 [INFO] DbMcusAds:125 - Set database path to: /home/mg/.stmcufinder/plugins/mcufinder//mcu/
2023-10-20 23:21:18,315 [INFO] CrossReferenceDbSqlite:203 - Set database path to: /home/mg/.stmcufinder/plugins/mcufinder//mcu/cs/
2023-10-20 23:21:18,484 [INFO] RulesReader:64 - Compatibility file has been processed (293 Rules)
2023-10-20 23:21:18,566 [INFO] DbMcusXml:78 - Set database path to: /opt/st/stm32cubeide_1.13.2/plugins/com.st.stm32cube.common.mx_6.9.2.202309101412//db//mcu/
2023-10-20 23:21:18,567 [INFO] ApiDb:274 - Set plugin database path to: /opt/st/stm32cubeide_1.13.2/plugins/com.st.stm32cube.common.mx_6.9.2.202309101412//db//plugins/boardmanager/
2023-10-20 23:21:18,567 [INFO] ApiDb:261 - Set plugin images path to: /opt/st/stm32cubeide_1.13.2/plugins/com.st.stm32cube.common.mx_6.9.2.202309101412//db//plugins/mcufinder/images/
2023-10-20 23:21:18,567 [WARN] DbFile:41 - Overriding database path with different value: /home/mg/.stmcufinder/plugins/mcufinder/ => /home/mg/.stmcufinder/plugins/mcufinder
2023-10-20 23:21:18,567 [INFO] ApiDb:250 - Set database path to: /home/mg/.stmcufinder/plugins/mcufinder//mcu/
2023-10-20 23:21:18,568 [WARN] DbFile:41 - Overriding database path with different value: /home/mg/.stmcufinder/plugins/mcufinder/ => /home/mg/.stmcufinder/plugins/mcufinder
2023-10-20 23:21:18,568 [INFO] DbMcusAds:125 - Set database path to: /home/mg/.stmcufinder/plugins/mcufinder//mcu/
2023-10-20 23:21:18,568 [WARN] DbFile:41 - Overriding database path with different value: /home/mg/.stmcufinder/plugins/mcufinder/ => /home/mg/.stmcufinder/plugins/mcufinder
2023-10-20 23:21:18,568 [WARN] DbFile:41 - Overriding database path with different value: /home/mg/.stmcufinder/plugins/mcufinder/ => /home/mg/.stmcufinder/plugins/mcufinder
2023-10-20 23:21:18,571 [INFO] CrossReferenceDbSqlite:203 - Set database path to: /home/mg/.stmcufinder/plugins/mcufinder//mcu/cs/
2023-10-20 23:21:18,643 [INFO] MainPanel:262 - HeapMemory: 268435456
2023-10-20 23:21:18,714 [INFO] DbMcusXml:78 - Set database path to: /opt/st/stm32cubeide_1.13.2/plugins/com.st.stm32cube.common.mx_6.9.2.202309101412//db//mcu/
2023-10-20 23:21:18,714 [INFO] ApiDb:274 - Set plugin database path to: /opt/st/stm32cubeide_1.13.2/plugins/com.st.stm32cube.common.mx_6.9.2.202309101412//db//plugins/boardmanager/
2023-10-20 23:21:18,714 [INFO] ApiDb:261 - Set plugin images path to: /opt/st/stm32cubeide_1.13.2/plugins/com.st.stm32cube.common.mx_6.9.2.202309101412//db//plugins/mcufinder/images/
2023-10-20 23:21:18,714 [WARN] DbFile:41 - Overriding database path with different value: /home/mg/.stmcufinder/plugins/mcufinder/ => /home/mg/.stmcufinder/plugins/mcufinder
2023-10-20 23:21:18,714 [INFO] ApiDb:250 - Set database path to: /home/mg/.stmcufinder/plugins/mcufinder//mcu/
2023-10-20 23:21:18,714 [WARN] DbFile:41 - Overriding database path with different value: /home/mg/.stmcufinder/plugins/mcufinder/ => /home/mg/.stmcufinder/plugins/mcufinder
2023-10-20 23:21:18,715 [INFO] DbMcusAds:125 - Set database path to: /home/mg/.stmcufinder/plugins/mcufinder//mcu/
2023-10-20 23:21:18,715 [WARN] DbFile:41 - Overriding database path with different value: /home/mg/.stmcufinder/plugins/mcufinder/ => /home/mg/.stmcufinder/plugins/mcufinder
2023-10-20 23:21:18,715 [WARN] DbFile:41 - Overriding database path with different value: /home/mg/.stmcufinder/plugins/mcufinder/ => /home/mg/.stmcufinder/plugins/mcufinder
2023-10-20 23:21:18,720 [INFO] CrossReferenceDbSqlite:203 - Set database path to: /home/mg/.stmcufinder/plugins/mcufinder//mcu/cs/
2023-10-20 23:21:18,732 [INFO] ApplicationProperties:184 - Using Application install path: /opt/st/stm32cubeide_1.13.2/plugins/com.st.stm32cube.common.mx_6.9.2.202309101412
2023-10-20 23:21:18,734 [INFO] PluginManage:196 - Search for loadable plugins [exclusion list=, ]
2023-10-20 23:21:18,735 [INFO] PluginManage:310 - Check plugin analytics
2023-10-20 23:21:18,885 [INFO] AnalyticsPlugin:253 - Accepted Software Licenses: STM32CubeMX.6.9.2
2023-10-20 23:21:18,886 [INFO] AnalyticsPlugin:255 - Accepted CMSIS Pack Licenses: 
2023-10-20 23:21:18,886 [INFO] AnalyticsPlugin:257 - Accepted Firmware Licenses: FW.L4.1.18.0
2023-10-20 23:21:18,888 [INFO] PluginManage:359 - Loaded plugin analytics (category:tool,tabindex:-1)
2023-10-20 23:21:18,889 [INFO] PluginManage:310 - Check plugin cadmodel
2023-10-20 23:21:18,913 [INFO] CADModel:105 - Init CAD model plugin
2023-10-20 23:21:18,913 [INFO] PluginManage:359 - Loaded plugin cadmodel (category:power,tabindex:5)
2023-10-20 23:21:18,913 [INFO] PluginManage:310 - Check plugin clock
2023-10-20 23:21:18,922 [INFO] PluginManage:359 - Loaded plugin clock (category:base,tabindex:2)
2023-10-20 23:21:18,922 [INFO] PluginManage:310 - Check plugin ddr
2023-10-20 23:21:18,924 [INFO] PluginManage:359 - Loaded plugin ddr (category:tool,tabindex:6)
2023-10-20 23:21:18,924 [INFO] PluginManage:310 - Check plugin filemanager
2023-10-20 23:21:19,060 [INFO] PluginManage:359 - Loaded plugin filemanager (category:base,tabindex:10)
2023-10-20 23:21:19,060 [INFO] PluginManage:310 - Check plugin ipmanager
2023-10-20 23:21:19,066 [INFO] PluginManage:359 - Loaded plugin ipmanager (category:base,tabindex:5)
2023-10-20 23:21:19,066 [INFO] PluginManage:310 - Check plugin lpbam
2023-10-20 23:21:19,076 [INFO] PluginManage:359 - Loaded plugin lpbam (category:base,tabindex:0)
2023-10-20 23:21:19,076 [INFO] PluginManage:310 - Check plugin memorymap
2023-10-20 23:21:19,087 [INFO] PluginManage:359 - Loaded plugin memorymap (category:base,tabindex:4)
2023-10-20 23:21:19,087 [INFO] PluginManage:310 - Check plugin pinoutandconfiguration
2023-10-20 23:21:19,094 [INFO] PluginManage:359 - Loaded plugin pinoutandconfiguration (category:base,tabindex:1)
2023-10-20 23:21:19,094 [INFO] PluginManage:310 - Check plugin pinoutconfig
2023-10-20 23:21:19,191 [WARN] SupportedApi:132 - Cannot load RTOS API schema: s4s-elt-must-match.1: The content of 'definitions' must match (annotation?, (simpleType | complexType)?, (unique | key | keyref)*)). A problem was found starting at: attribute.
2023-10-20 23:21:19,291 [INFO] PluginManage:359 - Loaded plugin pinoutconfig (category:base,tabindex:0)
2023-10-20 23:21:19,291 [INFO] PluginManage:310 - Check plugin power
2023-10-20 23:21:19,296 [INFO] PluginManage:359 - Loaded plugin power (category:power,tabindex:4)
2023-10-20 23:21:19,297 [INFO] PluginManage:310 - Check plugin projectmanager
2023-10-20 23:21:19,307 [INFO] PluginManage:359 - Loaded plugin projectmanager (category:projectmanager,tabindex:3)
2023-10-20 23:21:19,307 [INFO] PluginManage:310 - Check plugin thirdparty
2023-10-20 23:21:19,388 [INFO] PluginManage:359 - Loaded plugin thirdparty (category:base,tabindex:-1)
2023-10-20 23:21:19,387 [WARN] IntegrityCheckThread:84 - waiting for thirdparty lock release [integrity check]
2023-10-20 23:21:19,388 [INFO] PluginManage:310 - Check plugin tools
2023-10-20 23:21:19,388 [INFO] IntegrityCheckThread:86 - entering critical section [integrity check]
2023-10-20 23:21:19,388 [INFO] ThirdPartyUpdaterWithRetryManager:70 - Updater plugin not ready yet. [1/15]
2023-10-20 23:21:19,389 [INFO] PluginManage:359 - Loaded plugin tools (category:base,tabindex:7)
2023-10-20 23:21:19,390 [INFO] PluginManage:310 - Check plugin tutovideos
2023-10-20 23:21:19,517 [INFO] PluginManage:359 - Loaded plugin tutovideos (category:base,tabindex:-1)
2023-10-20 23:21:19,517 [INFO] PluginManage:310 - Check plugin updater
2023-10-20 23:21:19,525 [INFO] PluginManage:359 - Loaded plugin updater (category:base,tabindex:12)
2023-10-20 23:21:19,525 [INFO] PluginManage:310 - Check plugin userauth
2023-10-20 23:21:19,529 [INFO] UserAuth:113 - Init User Auth plugin
2023-10-20 23:21:19,529 [INFO] PluginManage:359 - Loaded plugin userauth (category:base,tabindex:14)
2023-10-20 23:21:19,529 [INFO] PluginManage:283 - PluginManage : Loaded plugins [17]
2023-10-20 23:21:19,651 [INFO] PinOutPanel:1499 - setPackage(No Configuration,No Configuration)
2023-10-20 23:21:19,708 [INFO] CADModel:165 - CPN selected for project level
2023-10-20 23:21:19,708 [INFO] CADModel:114 - Register for checkConnection events
2023-10-20 23:21:19,720 [INFO] IPUIPlugin:80 - create IPUIPlugin
2023-10-20 23:21:19,720 [INFO] PluginManager:220 - loadIPPluginJar : add fmc
2023-10-20 23:21:19,722 [INFO] IPUIPlugin:80 - create IPUIPlugin
2023-10-20 23:21:19,723 [INFO] PluginManager:220 - loadIPPluginJar : add resmgrutility
2023-10-20 23:21:19,726 [INFO] IPUIPlugin:80 - create IPUIPlugin
2023-10-20 23:21:19,726 [INFO] PluginManager:220 - loadIPPluginJar : add gpio
2023-10-20 23:21:19,728 [INFO] IPUIPlugin:80 - create IPUIPlugin
2023-10-20 23:21:19,728 [INFO] PluginManager:220 - loadIPPluginJar : add tim
2023-10-20 23:21:19,729 [INFO] IPUIPlugin:80 - create IPUIPlugin
2023-10-20 23:21:19,729 [INFO] PluginManager:220 - loadIPPluginJar : add fatfs
2023-10-20 23:21:19,733 [INFO] IPUIPlugin:80 - create IPUIPlugin
2023-10-20 23:21:19,733 [INFO] PluginManager:220 - loadIPPluginJar : add stm32_wpan
2023-10-20 23:21:19,735 [INFO] IPUIPlugin:80 - create IPUIPlugin
2023-10-20 23:21:19,735 [INFO] PluginManager:220 - loadIPPluginJar : add tracer_emb
2023-10-20 23:21:19,738 [INFO] IPUIPlugin:80 - create IPUIPlugin
2023-10-20 23:21:19,738 [INFO] PluginManager:220 - loadIPPluginJar : add i3c
2023-10-20 23:21:19,744 [INFO] IPUIPlugin:80 - create IPUIPlugin
2023-10-20 23:21:19,744 [INFO] PluginManager:220 - loadIPPluginJar : add usart
2023-10-20 23:21:19,750 [INFO] IPUIPlugin:80 - create IPUIPlugin
2023-10-20 23:21:19,750 [INFO] PluginManager:220 - loadIPPluginJar : add mdma
2023-10-20 23:21:19,752 [INFO] IPUIPlugin:80 - create IPUIPlugin
2023-10-20 23:21:19,752 [INFO] PluginManager:220 - loadIPPluginJar : add i2s
2023-10-20 23:21:19,755 [INFO] IPUIPlugin:80 - create IPUIPlugin
2023-10-20 23:21:19,755 [INFO] PluginManager:220 - loadIPPluginJar : add openamp
2023-10-20 23:21:19,758 [INFO] IPUIPlugin:80 - create IPUIPlugin
2023-10-20 23:21:19,759 [INFO] PluginManager:220 - loadIPPluginJar : add can
2023-10-20 23:21:19,764 [INFO] IPUIPlugin:80 - create IPUIPlugin
2023-10-20 23:21:19,765 [INFO] PluginManager:220 - loadIPPluginJar : add i2c
2023-10-20 23:21:19,769 [INFO] IPUIPlugin:80 - create IPUIPlugin
2023-10-20 23:21:19,770 [INFO] PluginManager:220 - loadIPPluginJar : add dma
2023-10-20 23:21:19,774 [INFO] IPUIPlugin:80 - create IPUIPlugin
2023-10-20 23:21:19,774 [INFO] PluginManager:220 - loadIPPluginJar : add gic
2023-10-20 23:21:19,777 [INFO] IPUIPlugin:80 - create IPUIPlugin
2023-10-20 23:21:19,777 [INFO] PluginManager:220 - loadIPPluginJar : add dfsdm
2023-10-20 23:21:19,778 [INFO] IPUIPlugin:80 - create IPUIPlugin
2023-10-20 23:21:19,778 [INFO] PluginManager:220 - loadIPPluginJar : add comp
2023-10-20 23:21:19,783 [INFO] IPUIPlugin:80 - create IPUIPlugin
2023-10-20 23:21:19,783 [INFO] PluginManager:220 - loadIPPluginJar : add adc
2023-10-20 23:21:19,784 [INFO] IPUIPlugin:80 - create IPUIPlugin
2023-10-20 23:21:19,784 [INFO] PluginManager:220 - loadIPPluginJar : add ltdc
2023-10-20 23:21:19,786 [INFO] IPUIPlugin:80 - create IPUIPlugin
2023-10-20 23:21:19,787 [INFO] PluginManager:220 - loadIPPluginJar : add cryp
2023-10-20 23:21:19,792 [INFO] IPUIPlugin:80 - create IPUIPlugin
2023-10-20 23:21:19,792 [INFO] PluginManager:220 - loadIPPluginJar : add freertos
2023-10-20 23:21:19,793 [INFO] IPUIPlugin:80 - create IPUIPlugin
2023-10-20 23:21:19,794 [INFO] PluginManager:220 - loadIPPluginJar : add quadspi
2023-10-20 23:21:19,796 [INFO] IPUIPlugin:80 - create IPUIPlugin
2023-10-20 23:21:19,796 [INFO] PluginManager:220 - loadIPPluginJar : add gtzc
2023-10-20 23:21:19,801 [INFO] IPUIPlugin:80 - create IPUIPlugin
2023-10-20 23:21:19,804 [INFO] PluginManager:220 - loadIPPluginJar : add plateformsettings
2023-10-20 23:21:19,807 [INFO] IPUIPlugin:80 - create IPUIPlugin
2023-10-20 23:21:19,807 [INFO] PluginManager:220 - loadIPPluginJar : add usbx
2023-10-20 23:21:19,810 [INFO] IPUIPlugin:80 - create IPUIPlugin
2023-10-20 23:21:19,810 [INFO] PluginManager:220 - loadIPPluginJar : add nvic
2023-10-20 23:21:19,812 [INFO] IPUIPlugin:80 - create IPUIPlugin
2023-10-20 23:21:19,813 [INFO] PluginManager:220 - loadIPPluginJar : add dma3
2023-10-20 23:21:19,814 [INFO] IPUIPlugin:80 - create IPUIPlugin
2023-10-20 23:21:19,815 [INFO] PluginManager:220 - loadIPPluginJar : add tsc
2023-10-20 23:21:19,818 [INFO] IPUIPlugin:80 - create IPUIPlugin
2023-10-20 23:21:19,818 [INFO] PluginManager:220 - loadIPPluginJar : add spi
2023-10-20 23:21:19,820 [INFO] IPUIPlugin:80 - create IPUIPlugin
2023-10-20 23:21:19,820 [INFO] PluginManager:220 - loadIPPluginJar : add genericplugin
2023-10-20 23:21:19,823 [INFO] IPUIPlugin:80 - create IPUIPlugin
2023-10-20 23:21:19,823 [INFO] PluginManager:220 - loadIPPluginJar : add aes
2023-10-20 23:21:19,827 [INFO] IPUIPlugin:80 - create IPUIPlugin
2023-10-20 23:21:19,827 [INFO] PluginManager:220 - loadIPPluginJar : add ipddr
2023-10-20 23:21:19,834 [INFO] IPUIPlugin:80 - create IPUIPlugin
2023-10-20 23:21:19,834 [INFO] PluginManager:220 - loadIPPluginJar : add linkedlist
2023-10-20 23:21:19,836 [INFO] IPUIPlugin:80 - create IPUIPlugin
2023-10-20 23:21:19,836 [INFO] PluginManager:220 - loadIPPluginJar : add sai
2023-10-20 23:21:19,838 [INFO] IPUIPlugin:80 - create IPUIPlugin
2023-10-20 23:21:19,838 [INFO] PluginManager:220 - loadIPPluginJar : add ts
2023-10-20 23:21:19,840 [INFO] IPUIPlugin:80 - create IPUIPlugin
2023-10-20 23:21:19,840 [INFO] PluginManager:220 - loadIPPluginJar : add hash
2023-10-20 23:21:19,841 [INFO] IPUIPlugin:80 - create IPUIPlugin
2023-10-20 23:21:19,841 [INFO] PluginManager:220 - loadIPPluginJar : add gfxmmu
2023-10-20 23:21:19,843 [INFO] IPUIPlugin:80 - create IPUIPlugin
2023-10-20 23:21:19,844 [INFO] PluginManager:220 - loadIPPluginJar : add lorawan
2023-10-20 23:21:19,846 [INFO] IPUIPlugin:80 - create IPUIPlugin
2023-10-20 23:21:19,847 [INFO] PluginManager:220 - loadIPPluginJar : add touchsensing
2023-10-20 23:21:19,849 [INFO] IPUIPlugin:80 - create IPUIPlugin
2023-10-20 23:21:19,849 [INFO] PluginManager:220 - loadIPPluginJar : add opamp
2023-10-20 23:21:19,851 [INFO] IPUIPlugin:80 - create IPUIPlugin
2023-10-20 23:21:19,851 [INFO] PluginManager:220 - loadIPPluginJar : add pdm2pcm
2023-10-20 23:21:19,852 [INFO] IPUIPlugin:80 - create IPUIPlugin
2023-10-20 23:21:19,852 [INFO] PluginManager:220 - loadIPPluginJar : add ucpd
2023-10-20 23:21:19,947 [INFO] CADModel:165 - CPN selected for project level
2023-10-20 23:21:19,947 [INFO] CADModel:114 - Register for checkConnection events
2023-10-20 23:21:19,947 [FATAL] Updater:308 - Updater called before beeing initialized
2023-10-20 23:21:19,947 [ERROR] CADModel:125 - Updater not yet initialized, retry later 
2023-10-20 23:21:20,056 [INFO] CADModel:165 - CPN selected for project level
2023-10-20 23:21:20,056 [INFO] CADModel:114 - Register for checkConnection events
2023-10-20 23:21:20,056 [FATAL] Updater:308 - Updater called before beeing initialized
2023-10-20 23:21:20,056 [ERROR] CADModel:125 - Updater not yet initialized, retry later 
2023-10-20 23:21:20,060 [FATAL] Updater:308 - Updater called before beeing initialized
2023-10-20 23:21:20,140 [FATAL] Updater:308 - Updater called before beeing initialized
2023-10-20 23:21:20,146 [INFO] DbMcusAds:53 - JSON generation date=Tue Mar 07 00:50:55 PST 2023 (1678179055114)
2023-10-20 23:21:20,146 [FATAL] Updater:308 - Updater called before beeing initialized
2023-10-20 23:21:20,172 [WARN] DetailPanel:346 - Failed to get advertising image, set to default
2023-10-20 23:21:20,241 [FATAL] Updater:308 - Updater called before beeing initialized
2023-10-20 23:21:20,242 [FATAL] Updater:308 - Updater called before beeing initialized
2023-10-20 23:21:20,242 [FATAL] Updater:308 - Updater called before beeing initialized
2023-10-20 23:21:20,242 [WARN] DetailPanel:346 - Failed to get advertising image, set to default
2023-10-20 23:21:20,243 [FATAL] Updater:308 - Updater called before beeing initialized
2023-10-20 23:21:20,272 [ERROR] Updater:1120 - MainUpdater not yet initialized. External WinMGr cannot be set.
2023-10-20 23:21:20,273 [INFO] Updater:1056 - Updater Version found : 6.9.2
2023-10-20 23:21:20,289 [INFO] ApplicationProperties:184 - Using Application install path: /opt/st/stm32cubeide_1.13.2/plugins/com.st.stm32cube.common.mx_6.9.2.202309101412
2023-10-20 23:21:22,389 [INFO] ThirdPartyUpdaterWithRetryManager:70 - Updater plugin not ready yet. [2/15]
2023-10-20 23:21:22,721 [INFO] MainUpdater:2868 - connection check result : 10
2023-10-20 23:21:22,724 [INFO] MainUpdater:285 - Updater Check For Update Now.
2023-10-20 23:21:22,724 [INFO] MicroXplorer:498 - Change Database Version : DB.6.0.92
2023-10-20 23:21:22,731 [INFO] McuFinderGlobals:63 - Set McuFinder mode to 2 (CubeIDE integrated)
2023-10-20 23:21:22,934 [INFO] CheckServerUpdateThread:120 - End of CheckServer Thread
2023-10-20 23:21:25,803 [WARN] PackLoader:240 - Cannot read IP mode file for STMicroelectronics.X-CUBE-SMBUS.2.1.0
2023-10-20 23:21:25,839 [WARN] PackLoader:240 - Cannot read IP mode file for STMicroelectronics.X-CUBE-AZRTOS-F7.1.1.0
2023-10-20 23:21:25,850 [WARN] PackLoader:240 - Cannot read IP mode file for STMicroelectronics.FP-SNS-MOTENV1.4.3.2
2023-10-20 23:21:25,857 [WARN] PackLoader:240 - Cannot read IP mode file for STMicroelectronics.FP-SNS-FLIGHT1.5.0.2
2023-10-20 23:21:25,865 [WARN] PackLoader:240 - Cannot read IP mode file for STMicroelectronics.X-CUBE-DISPLAY.3.0.0
2023-10-20 23:21:25,875 [WARN] PackLoader:240 - Cannot read IP mode file for STMicroelectronics.X-CUBE-BLE1.7.0.0
2023-10-20 23:21:25,880 [WARN] PackLoader:240 - Cannot read IP mode file for emotas.I-CUBE-CANOPEN.1.3.0
2023-10-20 23:21:25,883 [WARN] PackLoader:240 - Cannot read IP mode file for STMicroelectronics.X-CUBE-TOUCHGFX.4.22.1
2023-10-20 23:21:25,886 [WARN] PackLoader:240 - Cannot read IP mode file for STMicroelectronics.FP-SNS-SMARTAG2.1.2.0
2023-10-20 23:21:25,897 [INFO] LogOutputStream:77 - [STDOUT_REDIRECT] 1 : Invalid condition id : UX_CORESTACK_Condition cause : null
2023-10-20 23:21:25,897 [INFO] LogOutputStream:77 - [STDOUT_REDIRECT] 1 : Invalid condition id : UX_CORESTACK_Condition cause : null
2023-10-20 23:21:25,898 [INFO] LogOutputStream:77 - [STDOUT_REDIRECT] 1 : Invalid condition id : UX_CORESTACK_Condition cause : null
2023-10-20 23:21:25,898 [INFO] LogOutputStream:77 - [STDOUT_REDIRECT] 1 : Invalid condition id : UX_CORESTACK_Condition cause : null
2023-10-20 23:21:25,898 [INFO] LogOutputStream:77 - [STDOUT_REDIRECT] 1 : Invalid condition id : UX_CORESTACK_Condition cause : null
2023-10-20 23:21:25,903 [WARN] PackLoader:240 - Cannot read IP mode file for STMicroelectronics.X-CUBE-AZRTOS-WL.2.0.0
2023-10-20 23:21:25,911 [WARN] PackLoader:240 - Cannot read IP mode file for WES.I-CUBE-Cesium.1.3.0
2023-10-20 23:21:25,915 [WARN] PackLoader:240 - Cannot read IP mode file for STMicroelectronics.X-CUBE-BLE2.3.3.0
2023-10-20 23:21:25,921 [WARN] PackLoader:240 - Cannot read IP mode file for STMicroelectronics.X-CUBE-ALGOBUILD.1.3.0
2023-10-20 23:21:25,942 [WARN] PackLoader:240 - Cannot read IP mode file for STMicroelectronics.X-CUBE-AZRTOS-G0.1.1.0
2023-10-20 23:21:25,948 [WARN] PackLoader:240 - Cannot read IP mode file for STMicroelectronics.X-CUBE-NFC4.3.0.0
2023-10-20 23:21:25,951 [WARN] PackLoader:240 - Cannot read IP mode file for STMicroelectronics.FP-ATR-SIGFOX1.3.2.0
2023-10-20 23:21:25,984 [WARN] PackLoader:240 - Cannot read IP mode file for SEGGER.I-CUBE-embOS.1.3.1
2023-10-20 23:21:26,019 [WARN] PackLoader:240 - Cannot read IP mode file for STMicroelectronics.X-CUBE-GNSS1.6.0.0
2023-10-20 23:21:26,032 [WARN] PackLoader:240 - Cannot read IP mode file for STMicroelectronics.X-CUBE-AZRTOS-F4.1.1.0
2023-10-20 23:21:26,036 [WARN] PackLoader:240 - Cannot read IP mode file for wolfSSL.I-CUBE-wolfSSL.5.6.3
2023-10-20 23:21:26,049 [WARN] PackLoader:240 - Cannot read IP mode file for STMicroelectronics.X-CUBE-AZRTOS-L5.2.0.0
2023-10-20 23:21:26,054 [WARN] PackLoader:240 - Cannot read IP mode file for ITTIA_DB.I-CUBE-ITTIADB.8.8.0
2023-10-20 23:21:26,058 [WARN] PackLoader:240 - Cannot read IP mode file for STMicroelectronics.X-CUBE-BLEMGR.2.0.0
2023-10-20 23:21:26,071 [WARN] ConditionMgr:438 - getConditionDescription Invalid condition id : UX DEVICE CLASS RTOS Condition cause : null
2023-10-20 23:21:26,071 [WARN] ConditionMgr:438 - getConditionDescription Invalid condition id : UX DEVICE CLASS RTOS Condition cause : null
2023-10-20 23:21:26,074 [WARN] PackLoader:240 - Cannot read IP mode file for STMicroelectronics.X-CUBE-AZRTOS-H7.3.1.0
2023-10-20 23:21:26,074 [WARN] ConditionMgr:1039 - genDependencies : Invalid condition id : UX DEVICE CLASS RTOS Condition cause : null
2023-10-20 23:21:26,075 [WARN] ConditionMgr:1039 - genDependencies : Invalid condition id : UX DEVICE CLASS RTOS Condition cause : null
2023-10-20 23:21:26,075 [WARN] ConditionMgr:1039 - genDependencies : Invalid condition id : UX DEVICE CLASS RTOS Condition cause : null
2023-10-20 23:21:26,075 [WARN] ConditionMgr:1039 - genDependencies : Invalid condition id : UX DEVICE CLASS RTOS Condition cause : null
2023-10-20 23:21:26,075 [WARN] ConditionMgr:1039 - genDependencies : Invalid condition id : UX DEVICE CLASS RTOS Condition cause : null
2023-10-20 23:21:26,080 [WARN] PackLoader:240 - Cannot read IP mode file for STMicroelectronics.X-CUBE-NFC7.1.0.1
2023-10-20 23:21:26,085 [WARN] PackLoader:240 - Cannot read IP mode file for STMicroelectronics.X-CUBE-NFC6.3.0.0
2023-10-20 23:21:26,090 [WARN] PackLoader:240 - Cannot read IP mode file for STMicroelectronics.X-CUBE-EEPRMA1.4.1.0
2023-10-20 23:21:26,092 [WARN] PackLoader:240 - Cannot read IP mode file for STMicroelectronics.X-CUBE-AI.8.1.0
2023-10-20 23:21:26,111 [WARN] ConditionMgr:438 - getConditionDescription Invalid condition id : LAN8742 Phy interface Condition cause : null
2023-10-20 23:21:26,112 [WARN] PackLoader:240 - Cannot read IP mode file for STMicroelectronics.X-CUBE-AZRTOS-L4.2.0.0
2023-10-20 23:21:26,113 [WARN] ConditionMgr:1039 - genDependencies : Invalid condition id : LAN8742 Phy interface Condition cause : null
2023-10-20 23:21:26,113 [WARN] ConditionMgr:1039 - genDependencies : Invalid condition id : LAN8742 Phy interface Condition cause : null
2023-10-20 23:21:26,114 [WARN] ConditionMgr:1039 - genDependencies : Invalid condition id : LAN8742 Phy interface Condition cause : null
2023-10-20 23:21:26,120 [WARN] PackLoader:240 - Cannot read IP mode file for STMicroelectronics.X-CUBE-SFXS2LP1.4.0.0
2023-10-20 23:21:26,124 [WARN] PackLoader:240 - Cannot read IP mode file for STMicroelectronics.X-CUBE-ISPU.1.1.0
2023-10-20 23:21:26,138 [WARN] ConditionMgr:438 - getConditionDescription Invalid condition id : UX DEVICE CLASS RTOS Condition cause : null
2023-10-20 23:21:26,138 [WARN] ConditionMgr:438 - getConditionDescription Invalid condition id : UX DEVICE CLASS RTOS Condition cause : null
2023-10-20 23:21:26,141 [WARN] PackLoader:240 - Cannot read IP mode file for STMicroelectronics.X-CUBE-AZRTOS-WB.2.0.0
2023-10-20 23:21:26,141 [WARN] ConditionMgr:1039 - genDependencies : Invalid condition id : UX DEVICE CLASS RTOS Condition cause : null
2023-10-20 23:21:26,142 [WARN] ConditionMgr:1039 - genDependencies : Invalid condition id : UX DEVICE CLASS RTOS Condition cause : null
2023-10-20 23:21:26,142 [WARN] ConditionMgr:1039 - genDependencies : Invalid condition id : UX DEVICE CLASS RTOS Condition cause : null
2023-10-20 23:21:26,142 [WARN] ConditionMgr:1039 - genDependencies : Invalid condition id : UX DEVICE CLASS RTOS Condition cause : null
2023-10-20 23:21:26,143 [WARN] ConditionMgr:1039 - genDependencies : Invalid condition id : UX DEVICE CLASS RTOS Condition cause : null
2023-10-20 23:21:26,153 [WARN] PackLoader:240 - Cannot read IP mode file for STMicroelectronics.X-CUBE-SUBG2.5.0.0
2023-10-20 23:21:26,168 [WARN] PackLoader:240 - Cannot read IP mode file for STMicroelectronics.X-CUBE-TOF1.3.3.1
2023-10-20 23:21:26,196 [WARN] PackLoader:240 - Cannot read IP mode file for STMicroelectronics.X-CUBE-AZRTOS-G4.2.0.0
2023-10-20 23:21:26,207 [WARN] PackLoader:240 - Cannot read IP mode file for Infineon.AIROC-Wi-Fi-Bluetooth-STM32.1.5.1
2023-10-20 23:21:26,212 [WARN] PackLoader:240 - Cannot read IP mode file for STMicroelectronics.X-CUBE-FREERTOS.1.1.0
2023-10-20 23:21:26,215 [WARN] PackLoader:240 - Cannot read IP mode file for portGmbH.I-Cube-SoM-uGOAL.1.1.0
2023-10-20 23:21:26,217 [WARN] PackLoader:240 - Cannot read IP mode file for STMicroelectronics.X-CUBE-ALS.1.0.1
2023-10-20 23:21:26,220 [WARN] PackLoader:240 - Cannot read IP mode file for STMicroelectronics.FP-ATR-ASTRA1.2.0.0
2023-10-20 23:21:26,220 [INFO] ThirdParty:978 - Integrity check success = true
2023-10-20 23:21:26,220 [INFO] IntegrityCheckThread:100 - exiting critical section [integrity check]
2023-10-20 23:21:26,221 [INFO] IntegrityCheckThread:103 - End integrity checks thread
2023-10-20 23:21:42,969 [ERROR] LogOutputStream:75 - [STDERR_REDIRECT] SLF4J: Failed to load class "org.slf4j.impl.StaticLoggerBinder".
2023-10-20 23:21:42,969 [ERROR] LogOutputStream:75 - [STDERR_REDIRECT] SLF4J: Defaulting to no-operation (NOP) logger implementation
2023-10-20 23:21:42,969 [ERROR] LogOutputStream:75 - [STDERR_REDIRECT] SLF4J: See http://www.slf4j.org/codes.html#StaticLoggerBinder for further details.
